2024-06-14 20:59:11.911 | INFO     | videosentimentanalysis.adapters.logging.loguru_logger:info:17 - Extracting audio from video If Educational Videos Were Filmed Like Music Videos
2024-06-14 21:00:27.669 | INFO     | videosentimentanalysis.adapters.logging.loguru_logger:info:17 - Extracting audio from video If Educational Videos Were Filmed Like Music Videos
2024-06-14 21:00:29.025 | INFO     | videosentimentanalysis.adapters.logging.loguru_logger:info:17 - Returning cached audio for video If Educational Videos Were Filmed Like Music Videos
2024-06-14 21:00:29.025 | INFO     | videosentimentanalysis.adapters.logging.loguru_logger:log:14 - Transcribing audio from video If Educational Videos Were Filmed Like Music Videos
2024-06-14 21:02:55.810 | INFO     | videosentimentanalysis.adapters.logging.loguru_logger:info:17 - Extracting audio from video If Educational Videos Were Filmed Like Music Videos
2024-06-14 21:02:55.810 | INFO     | videosentimentanalysis.adapters.logging.loguru_logger:info:17 - Extracting audio from video If Educational Videos Were Filmed Like Music Videos
2024-06-14 21:02:57.167 | INFO     | videosentimentanalysis.adapters.logging.loguru_logger:info:17 - Returning cached audio for video If Educational Videos Were Filmed Like Music Videos
2024-06-14 21:02:57.167 | INFO     | videosentimentanalysis.adapters.logging.loguru_logger:info:17 - Returning cached audio for video If Educational Videos Were Filmed Like Music Videos
2024-06-14 21:02:57.167 | INFO     | videosentimentanalysis.adapters.logging.loguru_logger:log:14 - Transcribing audio from video If Educational Videos Were Filmed Like Music Videos
2024-06-14 21:02:57.167 | INFO     | videosentimentanalysis.adapters.logging.loguru_logger:log:14 - Transcribing audio from video If Educational Videos Were Filmed Like Music Videos
2024-06-14 21:06:59.241 | INFO     | videosentimentanalysis.adapters.logging.loguru_logger:info:17 - Extracting audio from video If Educational Videos Were Filmed Like Music Videos
2024-06-14 21:07:00.585 | INFO     | videosentimentanalysis.adapters.logging.loguru_logger:info:17 - Returning cached audio for video If Educational Videos Were Filmed Like Music Videos
2024-06-14 21:07:00.586 | INFO     | videosentimentanalysis.adapters.logging.loguru_logger:log:14 - Transcribing audio from video If Educational Videos Were Filmed Like Music Videos
2024-06-14 21:08:19.358 | INFO     | videosentimentanalysis.adapters.logging.loguru_logger:info:17 - Extracting audio from video If Educational Videos Were Filmed Like Music Videos
2024-06-14 21:08:19.960 | INFO     | videosentimentanalysis.adapters.logging.loguru_logger:info:17 - Returning cached audio for video If Educational Videos Were Filmed Like Music Videos
2024-06-14 21:08:19.960 | INFO     | videosentimentanalysis.adapters.logging.loguru_logger:log:14 - Transcribing audio from video If Educational Videos Were Filmed Like Music Videos
2024-06-14 21:09:09.805 | INFO     | videosentimentanalysis.adapters.logging.loguru_logger:info:17 - Extracting audio from video If Educational Videos Were Filmed Like Music Videos
2024-06-14 21:09:09.805 | INFO     | videosentimentanalysis.adapters.logging.loguru_logger:info:17 - Extracting audio from video If Educational Videos Were Filmed Like Music Videos
2024-06-14 21:09:10.429 | INFO     | videosentimentanalysis.adapters.logging.loguru_logger:info:17 - Returning cached audio for video If Educational Videos Were Filmed Like Music Videos
2024-06-14 21:09:10.429 | INFO     | videosentimentanalysis.adapters.logging.loguru_logger:info:17 - Returning cached audio for video If Educational Videos Were Filmed Like Music Videos
2024-06-14 21:09:10.429 | INFO     | videosentimentanalysis.adapters.logging.loguru_logger:log:14 - Transcribing audio from video If Educational Videos Were Filmed Like Music Videos
2024-06-14 21:09:10.429 | INFO     | videosentimentanalysis.adapters.logging.loguru_logger:log:14 - Transcribing audio from video If Educational Videos Were Filmed Like Music Videos
2024-06-14 21:22:19.751 | INFO     | videosentimentanalysis.adapters.logging.loguru_logger:info:17 - Extracting audio from video If Educational Videos Were Filmed Like Music Videos
2024-06-14 21:22:20.352 | INFO     | videosentimentanalysis.adapters.logging.loguru_logger:info:17 - Returning cached audio for video If Educational Videos Were Filmed Like Music Videos
2024-06-14 21:22:20.352 | INFO     | videosentimentanalysis.adapters.logging.loguru_logger:log:14 - Transcribing audio from video If Educational Videos Were Filmed Like Music Videos
2024-06-14 21:22:34.646 | INFO     | videosentimentanalysis.adapters.logging.loguru_logger:info:17 - Extracting audio from video If Educational Videos Were Filmed Like Music Videos
2024-06-14 21:22:35.254 | INFO     | videosentimentanalysis.adapters.logging.loguru_logger:info:17 - Returning cached audio for video If Educational Videos Were Filmed Like Music Videos
2024-06-14 21:22:35.255 | INFO     | videosentimentanalysis.adapters.logging.loguru_logger:log:14 - Transcribing audio from video If Educational Videos Were Filmed Like Music Videos
2024-06-14 21:23:03.800 | INFO     | videosentimentanalysis.adapters.logging.loguru_logger:info:17 - Extracting audio from video If Educational Videos Were Filmed Like Music Videos
2024-06-14 21:23:05.009 | INFO     | videosentimentanalysis.adapters.logging.loguru_logger:info:17 - Returning cached audio for video If Educational Videos Were Filmed Like Music Videos
2024-06-14 21:23:05.010 | INFO     | videosentimentanalysis.adapters.logging.loguru_logger:log:14 - Transcribing audio from video If Educational Videos Were Filmed Like Music Videos
2024-06-14 21:23:17.757 | INFO     | videosentimentanalysis.adapters.logging.loguru_logger:info:17 - Extracting audio from video If Educational Videos Were Filmed Like Music Videos
2024-06-14 21:23:18.394 | INFO     | videosentimentanalysis.adapters.logging.loguru_logger:info:17 - Returning cached audio for video If Educational Videos Were Filmed Like Music Videos
2024-06-14 21:23:18.395 | INFO     | videosentimentanalysis.adapters.logging.loguru_logger:log:14 - Transcribing audio from video If Educational Videos Were Filmed Like Music Videos
2024-06-14 21:24:32.380 | INFO     | videosentimentanalysis.adapters.logging.loguru_logger:info:17 - Extracting audio from video If Educational Videos Were Filmed Like Music Videos
2024-06-14 21:24:33.020 | INFO     | videosentimentanalysis.adapters.logging.loguru_logger:info:17 - Returning cached audio for video If Educational Videos Were Filmed Like Music Videos
2024-06-14 21:24:33.020 | INFO     | videosentimentanalysis.adapters.logging.loguru_logger:log:14 - Transcribing audio from video If Educational Videos Were Filmed Like Music Videos
2024-06-14 21:24:54.714 | INFO     | videosentimentanalysis.adapters.logging.loguru_logger:info:17 - Extracting audio from video If Educational Videos Were Filmed Like Music Videos
2024-06-14 21:24:55.321 | INFO     | videosentimentanalysis.adapters.logging.loguru_logger:info:17 - Returning cached audio for video If Educational Videos Were Filmed Like Music Videos
2024-06-14 21:24:55.322 | INFO     | videosentimentanalysis.adapters.logging.loguru_logger:log:14 - Transcribing audio from video If Educational Videos Were Filmed Like Music Videos
2024-06-14 21:25:10.948 | INFO     | videosentimentanalysis.adapters.logging.loguru_logger:info:17 - Extracting audio from video Casually Explained: Guide to College and University
2024-06-14 21:25:11.749 | INFO     | videosentimentanalysis.adapters.logging.loguru_logger:info:17 - Returning cached audio for video Casually Explained: Guide to College and University
2024-06-14 21:25:11.749 | INFO     | videosentimentanalysis.adapters.logging.loguru_logger:log:14 - Transcribing audio from video Casually Explained: Guide to College and University
2024-06-14 21:25:27.615 | INFO     | videosentimentanalysis.adapters.logging.loguru_logger:info:17 - Extracting audio from video Potter Puppet Pals: The Mysterious Ticking Noise
2024-06-14 21:25:28.238 | INFO     | videosentimentanalysis.adapters.logging.loguru_logger:info:17 - Returning cached audio for video Potter Puppet Pals: The Mysterious Ticking Noise
2024-06-14 21:25:28.238 | INFO     | videosentimentanalysis.adapters.logging.loguru_logger:log:14 - Transcribing audio from video Potter Puppet Pals: The Mysterious Ticking Noise
2024-06-14 21:25:31.936 | INFO     | videosentimentanalysis.adapters.logging.loguru_logger:info:17 - Extracting audio from video Fastest Rap EVER
2024-06-14 21:25:32.419 | INFO     | videosentimentanalysis.adapters.logging.loguru_logger:info:17 - Returning cached audio for video Fastest Rap EVER
2024-06-14 21:25:32.420 | INFO     | videosentimentanalysis.adapters.logging.loguru_logger:log:14 - Transcribing audio from video Fastest Rap EVER
2024-06-14 21:25:38.781 | INFO     | videosentimentanalysis.adapters.logging.loguru_logger:info:17 - Extracting audio from video THE PARTS OF A CELL SONG | Science Music Video
2024-06-14 21:25:39.453 | INFO     | videosentimentanalysis.adapters.logging.loguru_logger:info:17 - Returning cached audio for video THE PARTS OF A CELL SONG | Science Music Video
2024-06-14 21:25:39.453 | INFO     | videosentimentanalysis.adapters.logging.loguru_logger:log:14 - Transcribing audio from video THE PARTS OF A CELL SONG | Science Music Video
2024-06-14 21:25:47.775 | INFO     | videosentimentanalysis.adapters.logging.loguru_logger:info:17 - Extracting audio from video THE ROCK CYCLE SONG | Science Music Video
2024-06-14 21:25:48.454 | INFO     | videosentimentanalysis.adapters.logging.loguru_logger:info:17 - Returning cached audio for video THE ROCK CYCLE SONG | Science Music Video
2024-06-14 21:25:48.455 | INFO     | videosentimentanalysis.adapters.logging.loguru_logger:log:14 - Transcribing audio from video THE ROCK CYCLE SONG | Science Music Video
2024-06-14 22:40:19.961 | INFO     | videosentimentanalysis.adapters.logging.loguru_logger:info:17 - Extracting audio from video If Educational Videos Were Filmed Like Music Videos
2024-06-14 22:40:20.571 | INFO     | videosentimentanalysis.adapters.logging.loguru_logger:log:14 - Transcribing audio from video If Educational Videos Were Filmed Like Music Videos
2024-06-14 22:40:32.241 | INFO     | videosentimentanalysis.adapters.logging.loguru_logger:info:17 - Performing sentiment analysis on video If Educational Videos Were Filmed Like Music Videos
2024-06-14 22:40:32.306 | INFO     | videosentimentanalysis.adapters.logging.loguru_logger:info:17 - Returning cached audio for video If Educational Videos Were Filmed Like Music Videos
2024-06-14 22:40:32.306 | INFO     | videosentimentanalysis.adapters.logging.loguru_logger:info:17 - Returning cached audio for video If Educational Videos Were Filmed Like Music Videos
2024-06-14 22:40:32.307 | INFO     | videosentimentanalysis.adapters.logging.loguru_logger:log:14 - Transcribing audio from video If Educational Videos Were Filmed Like Music Videos
2024-06-14 22:40:42.861 | INFO     | videosentimentanalysis.adapters.logging.loguru_logger:info:17 - Extracting audio from video Casually Explained: Guide to College and University
2024-06-14 22:40:43.719 | INFO     | videosentimentanalysis.adapters.logging.loguru_logger:log:14 - Transcribing audio from video Casually Explained: Guide to College and University
2024-06-14 22:40:59.850 | INFO     | videosentimentanalysis.adapters.logging.loguru_logger:info:17 - Performing sentiment analysis on video Casually Explained: Guide to College and University
2024-06-14 22:40:59.855 | INFO     | videosentimentanalysis.adapters.logging.loguru_logger:info:17 - Returning cached audio for video Casually Explained: Guide to College and University
2024-06-14 22:40:59.856 | INFO     | videosentimentanalysis.adapters.logging.loguru_logger:info:17 - Returning cached audio for video Casually Explained: Guide to College and University
2024-06-14 22:40:59.856 | INFO     | videosentimentanalysis.adapters.logging.loguru_logger:log:14 - Transcribing audio from video Casually Explained: Guide to College and University
2024-06-14 22:41:17.266 | INFO     | videosentimentanalysis.adapters.logging.loguru_logger:info:17 - Extracting audio from video Potter Puppet Pals: The Mysterious Ticking Noise
2024-06-14 22:41:17.896 | INFO     | videosentimentanalysis.adapters.logging.loguru_logger:log:14 - Transcribing audio from video Potter Puppet Pals: The Mysterious Ticking Noise
2024-06-14 22:41:21.533 | INFO     | videosentimentanalysis.adapters.logging.loguru_logger:info:17 - Performing sentiment analysis on video Potter Puppet Pals: The Mysterious Ticking Noise
2024-06-14 22:41:21.534 | INFO     | videosentimentanalysis.adapters.logging.loguru_logger:info:17 - Returning cached audio for video Potter Puppet Pals: The Mysterious Ticking Noise
2024-06-14 22:41:21.534 | INFO     | videosentimentanalysis.adapters.logging.loguru_logger:info:17 - Returning cached audio for video Potter Puppet Pals: The Mysterious Ticking Noise
2024-06-14 22:41:21.535 | INFO     | videosentimentanalysis.adapters.logging.loguru_logger:log:14 - Transcribing audio from video Potter Puppet Pals: The Mysterious Ticking Noise
2024-06-14 22:41:25.132 | INFO     | videosentimentanalysis.adapters.logging.loguru_logger:info:17 - Extracting audio from video Fastest Rap EVER
2024-06-14 22:41:25.629 | INFO     | videosentimentanalysis.adapters.logging.loguru_logger:log:14 - Transcribing audio from video Fastest Rap EVER
2024-06-14 22:41:32.380 | INFO     | videosentimentanalysis.adapters.logging.loguru_logger:info:17 - Performing sentiment analysis on video Fastest Rap EVER
2024-06-14 22:41:32.384 | INFO     | videosentimentanalysis.adapters.logging.loguru_logger:info:17 - Returning cached audio for video Fastest Rap EVER
2024-06-14 22:41:32.384 | INFO     | videosentimentanalysis.adapters.logging.loguru_logger:info:17 - Returning cached audio for video Fastest Rap EVER
2024-06-14 22:41:32.385 | INFO     | videosentimentanalysis.adapters.logging.loguru_logger:log:14 - Transcribing audio from video Fastest Rap EVER
2024-06-14 22:41:39.228 | INFO     | videosentimentanalysis.adapters.logging.loguru_logger:info:17 - Extracting audio from video THE PARTS OF A CELL SONG | Science Music Video
2024-06-14 22:41:39.945 | INFO     | videosentimentanalysis.adapters.logging.loguru_logger:log:14 - Transcribing audio from video THE PARTS OF A CELL SONG | Science Music Video
2024-06-14 22:41:47.841 | INFO     | videosentimentanalysis.adapters.logging.loguru_logger:info:17 - Performing sentiment analysis on video THE PARTS OF A CELL SONG | Science Music Video
2024-06-14 22:41:47.843 | INFO     | videosentimentanalysis.adapters.logging.loguru_logger:info:17 - Returning cached audio for video THE PARTS OF A CELL SONG | Science Music Video
2024-06-14 22:41:47.843 | INFO     | videosentimentanalysis.adapters.logging.loguru_logger:info:17 - Returning cached audio for video THE PARTS OF A CELL SONG | Science Music Video
2024-06-14 22:41:47.844 | INFO     | videosentimentanalysis.adapters.logging.loguru_logger:log:14 - Transcribing audio from video THE PARTS OF A CELL SONG | Science Music Video
2024-06-14 22:41:55.629 | INFO     | videosentimentanalysis.adapters.logging.loguru_logger:info:17 - Extracting audio from video THE ROCK CYCLE SONG | Science Music Video
2024-06-14 22:41:56.336 | INFO     | videosentimentanalysis.adapters.logging.loguru_logger:log:14 - Transcribing audio from video THE ROCK CYCLE SONG | Science Music Video
2024-06-14 22:42:06.706 | INFO     | videosentimentanalysis.adapters.logging.loguru_logger:info:17 - Performing sentiment analysis on video THE ROCK CYCLE SONG | Science Music Video
2024-06-14 22:42:06.708 | INFO     | videosentimentanalysis.adapters.logging.loguru_logger:info:17 - Returning cached audio for video THE ROCK CYCLE SONG | Science Music Video
2024-06-14 22:42:06.709 | INFO     | videosentimentanalysis.adapters.logging.loguru_logger:info:17 - Returning cached audio for video THE ROCK CYCLE SONG | Science Music Video
2024-06-14 22:42:06.709 | INFO     | videosentimentanalysis.adapters.logging.loguru_logger:log:14 - Transcribing audio from video THE ROCK CYCLE SONG | Science Music Video
2024-06-15 00:29:02.972 | INFO     | videosentimentanalysis.adapters.logging.loguru_logger:info:17 - Extracting audio from video If Educational Videos Were Filmed Like Music Videos
2024-06-15 00:29:03.582 | INFO     | videosentimentanalysis.adapters.logging.loguru_logger:log:14 - Transcribing audio from video If Educational Videos Were Filmed Like Music Videos
2024-06-15 00:29:14.866 | INFO     | videosentimentanalysis.adapters.logging.loguru_logger:info:17 - Performing sentiment analysis on video If Educational Videos Were Filmed Like Music Videos
2024-06-15 00:29:14.885 | INFO     | videosentimentanalysis.adapters.logging.loguru_logger:info:17 - Returning cached audio for video If Educational Videos Were Filmed Like Music Videos
2024-06-15 00:29:14.886 | INFO     | videosentimentanalysis.adapters.logging.loguru_logger:info:17 - Returning cached audio for video If Educational Videos Were Filmed Like Music Videos
2024-06-15 00:29:14.887 | INFO     | videosentimentanalysis.adapters.logging.loguru_logger:log:14 - Transcribing audio from video If Educational Videos Were Filmed Like Music Videos
2024-06-15 00:29:25.150 | INFO     | videosentimentanalysis.adapters.logging.loguru_logger:info:17 - Returning cached audio for video If Educational Videos Were Filmed Like Music Videos
2024-06-15 00:29:25.151 | INFO     | videosentimentanalysis.adapters.logging.loguru_logger:log:14 - Transcribing audio from video If Educational Videos Were Filmed Like Music Videos
2024-06-15 00:30:38.967 | INFO     | videosentimentanalysis.adapters.logging.loguru_logger:info:17 - Extracting audio from video If Educational Videos Were Filmed Like Music Videos
2024-06-15 00:30:39.589 | INFO     | videosentimentanalysis.adapters.logging.loguru_logger:log:14 - Transcribing audio from video If Educational Videos Were Filmed Like Music Videos
2024-06-15 00:30:50.907 | INFO     | videosentimentanalysis.adapters.logging.loguru_logger:info:17 - Performing sentiment analysis on video If Educational Videos Were Filmed Like Music Videos
2024-06-15 00:30:50.927 | INFO     | videosentimentanalysis.adapters.logging.loguru_logger:info:17 - Returning cached audio for video If Educational Videos Were Filmed Like Music Videos
2024-06-15 00:30:50.927 | INFO     | videosentimentanalysis.adapters.logging.loguru_logger:info:17 - Returning cached audio for video If Educational Videos Were Filmed Like Music Videos
2024-06-15 00:30:50.928 | INFO     | videosentimentanalysis.adapters.logging.loguru_logger:log:14 - Transcribing audio from video If Educational Videos Were Filmed Like Music Videos
2024-06-15 00:31:01.094 | INFO     | videosentimentanalysis.adapters.logging.loguru_logger:info:17 - Returning cached audio for video If Educational Videos Were Filmed Like Music Videos
2024-06-15 00:31:01.095 | INFO     | videosentimentanalysis.adapters.logging.loguru_logger:log:14 - Transcribing audio from video If Educational Videos Were Filmed Like Music Videos
2024-06-15 00:32:39.803 | INFO     | videosentimentanalysis.adapters.logging.loguru_logger:info:17 - Extracting audio from video If Educational Videos Were Filmed Like Music Videos
2024-06-15 00:32:40.413 | INFO     | videosentimentanalysis.adapters.logging.loguru_logger:log:14 - Transcribing audio from video If Educational Videos Were Filmed Like Music Videos
2024-06-15 00:32:51.670 | INFO     | videosentimentanalysis.adapters.logging.loguru_logger:info:17 - Performing sentiment analysis on video If Educational Videos Were Filmed Like Music Videos
2024-06-15 00:32:51.690 | INFO     | videosentimentanalysis.adapters.logging.loguru_logger:info:17 - Returning cached audio for video If Educational Videos Were Filmed Like Music Videos
2024-06-15 00:32:51.690 | INFO     | videosentimentanalysis.adapters.logging.loguru_logger:info:17 - Returning cached audio for video If Educational Videos Were Filmed Like Music Videos
2024-06-15 00:32:51.691 | INFO     | videosentimentanalysis.adapters.logging.loguru_logger:log:14 - Transcribing audio from video If Educational Videos Were Filmed Like Music Videos
2024-06-15 00:33:01.984 | INFO     | videosentimentanalysis.adapters.logging.loguru_logger:info:17 - Returning cached audio for video If Educational Videos Were Filmed Like Music Videos
2024-06-15 00:33:01.985 | INFO     | videosentimentanalysis.adapters.logging.loguru_logger:log:14 - Transcribing audio from video If Educational Videos Were Filmed Like Music Videos
2024-06-15 00:33:13.487 | INFO     | videosentimentanalysis.adapters.logging.loguru_logger:info:17 - Extracting audio from video Casually Explained: Guide to College and University
2024-06-15 00:33:14.373 | INFO     | videosentimentanalysis.adapters.logging.loguru_logger:log:14 - Transcribing audio from video Casually Explained: Guide to College and University
2024-06-15 00:33:31.778 | INFO     | videosentimentanalysis.adapters.logging.loguru_logger:info:17 - Performing sentiment analysis on video Casually Explained: Guide to College and University
2024-06-15 00:33:31.783 | INFO     | videosentimentanalysis.adapters.logging.loguru_logger:info:17 - Returning cached audio for video Casually Explained: Guide to College and University
2024-06-15 00:33:31.783 | INFO     | videosentimentanalysis.adapters.logging.loguru_logger:info:17 - Returning cached audio for video Casually Explained: Guide to College and University
2024-06-15 00:33:31.784 | INFO     | videosentimentanalysis.adapters.logging.loguru_logger:log:14 - Transcribing audio from video Casually Explained: Guide to College and University
2024-06-15 00:33:48.850 | INFO     | videosentimentanalysis.adapters.logging.loguru_logger:info:17 - Returning cached audio for video Casually Explained: Guide to College and University
2024-06-15 00:33:48.850 | INFO     | videosentimentanalysis.adapters.logging.loguru_logger:log:14 - Transcribing audio from video Casually Explained: Guide to College and University
2024-06-15 00:34:07.453 | INFO     | videosentimentanalysis.adapters.logging.loguru_logger:info:17 - Extracting audio from video Potter Puppet Pals: The Mysterious Ticking Noise
2024-06-15 00:34:08.111 | INFO     | videosentimentanalysis.adapters.logging.loguru_logger:log:14 - Transcribing audio from video Potter Puppet Pals: The Mysterious Ticking Noise
2024-06-15 00:34:11.739 | INFO     | videosentimentanalysis.adapters.logging.loguru_logger:info:17 - Performing sentiment analysis on video Potter Puppet Pals: The Mysterious Ticking Noise
2024-06-15 00:34:11.740 | INFO     | videosentimentanalysis.adapters.logging.loguru_logger:info:17 - Returning cached audio for video Potter Puppet Pals: The Mysterious Ticking Noise
2024-06-15 00:34:11.741 | INFO     | videosentimentanalysis.adapters.logging.loguru_logger:info:17 - Returning cached audio for video Potter Puppet Pals: The Mysterious Ticking Noise
2024-06-15 00:34:11.741 | INFO     | videosentimentanalysis.adapters.logging.loguru_logger:log:14 - Transcribing audio from video Potter Puppet Pals: The Mysterious Ticking Noise
2024-06-15 00:34:15.253 | INFO     | videosentimentanalysis.adapters.logging.loguru_logger:info:17 - Returning cached audio for video Potter Puppet Pals: The Mysterious Ticking Noise
2024-06-15 00:34:15.253 | INFO     | videosentimentanalysis.adapters.logging.loguru_logger:log:14 - Transcribing audio from video Potter Puppet Pals: The Mysterious Ticking Noise
2024-06-15 00:34:19.102 | INFO     | videosentimentanalysis.adapters.logging.loguru_logger:info:17 - Extracting audio from video Fastest Rap EVER
2024-06-15 00:34:19.614 | INFO     | videosentimentanalysis.adapters.logging.loguru_logger:log:14 - Transcribing audio from video Fastest Rap EVER
2024-06-15 00:34:26.240 | INFO     | videosentimentanalysis.adapters.logging.loguru_logger:info:17 - Performing sentiment analysis on video Fastest Rap EVER
2024-06-15 00:34:26.243 | INFO     | videosentimentanalysis.adapters.logging.loguru_logger:info:17 - Returning cached audio for video Fastest Rap EVER
2024-06-15 00:34:26.243 | INFO     | videosentimentanalysis.adapters.logging.loguru_logger:info:17 - Returning cached audio for video Fastest Rap EVER
2024-06-15 00:34:26.243 | INFO     | videosentimentanalysis.adapters.logging.loguru_logger:log:14 - Transcribing audio from video Fastest Rap EVER
2024-06-15 00:34:33.307 | INFO     | videosentimentanalysis.adapters.logging.loguru_logger:info:17 - Returning cached audio for video Fastest Rap EVER
2024-06-15 00:34:33.308 | INFO     | videosentimentanalysis.adapters.logging.loguru_logger:log:14 - Transcribing audio from video Fastest Rap EVER
2024-06-15 00:34:40.629 | INFO     | videosentimentanalysis.adapters.logging.loguru_logger:info:17 - Extracting audio from video THE PARTS OF A CELL SONG | Science Music Video
2024-06-15 00:34:41.393 | INFO     | videosentimentanalysis.adapters.logging.loguru_logger:log:14 - Transcribing audio from video THE PARTS OF A CELL SONG | Science Music Video
2024-06-15 00:34:49.760 | INFO     | videosentimentanalysis.adapters.logging.loguru_logger:info:17 - Performing sentiment analysis on video THE PARTS OF A CELL SONG | Science Music Video
2024-06-15 00:34:49.762 | INFO     | videosentimentanalysis.adapters.logging.loguru_logger:info:17 - Returning cached audio for video THE PARTS OF A CELL SONG | Science Music Video
2024-06-15 00:34:49.762 | INFO     | videosentimentanalysis.adapters.logging.loguru_logger:info:17 - Returning cached audio for video THE PARTS OF A CELL SONG | Science Music Video
2024-06-15 00:34:49.763 | INFO     | videosentimentanalysis.adapters.logging.loguru_logger:log:14 - Transcribing audio from video THE PARTS OF A CELL SONG | Science Music Video
2024-06-15 00:34:57.497 | INFO     | videosentimentanalysis.adapters.logging.loguru_logger:info:17 - Returning cached audio for video THE PARTS OF A CELL SONG | Science Music Video
2024-06-15 00:34:57.498 | INFO     | videosentimentanalysis.adapters.logging.loguru_logger:log:14 - Transcribing audio from video THE PARTS OF A CELL SONG | Science Music Video
2024-06-15 00:35:06.230 | INFO     | videosentimentanalysis.adapters.logging.loguru_logger:info:17 - Extracting audio from video THE ROCK CYCLE SONG | Science Music Video
2024-06-15 00:35:06.944 | INFO     | videosentimentanalysis.adapters.logging.loguru_logger:log:14 - Transcribing audio from video THE ROCK CYCLE SONG | Science Music Video
2024-06-15 00:35:26.010 | INFO     | videosentimentanalysis.adapters.logging.loguru_logger:info:17 - Performing sentiment analysis on video THE ROCK CYCLE SONG | Science Music Video
2024-06-15 00:35:26.012 | INFO     | videosentimentanalysis.adapters.logging.loguru_logger:info:17 - Returning cached audio for video THE ROCK CYCLE SONG | Science Music Video
2024-06-15 00:35:26.013 | INFO     | videosentimentanalysis.adapters.logging.loguru_logger:info:17 - Returning cached audio for video THE ROCK CYCLE SONG | Science Music Video
2024-06-15 00:35:26.013 | INFO     | videosentimentanalysis.adapters.logging.loguru_logger:log:14 - Transcribing audio from video THE ROCK CYCLE SONG | Science Music Video
2024-06-15 00:35:38.480 | INFO     | videosentimentanalysis.adapters.logging.loguru_logger:info:17 - Returning cached audio for video THE ROCK CYCLE SONG | Science Music Video
2024-06-15 00:35:38.480 | INFO     | videosentimentanalysis.adapters.logging.loguru_logger:log:14 - Transcribing audio from video THE ROCK CYCLE SONG | Science Music Video
